Login réussi pour l'utilisateur : user1 - 2024-04-02 13:54:33
Déconnexion de l'utilisateur : user1 - 2024-04-02 13:54:36
Login réussi pour l'utilisateur : user2 - 2024-04-02 13:54:42
Déconnexion de l'utilisateur : user2 - 2024-04-02 13:54:45
Tentative de connexion échouée pour l'utilisateur : kenny avec le mot de passe : tebaize - 2024-04-02 13:54:54
Login réussi pour l'utilisateur : user1 - 2024-04-02 14:40:03
Déconnexion de l'utilisateur : user1 - 2024-04-02 14:45:49
Login réussi pour l'utilisateur : user1 - 2024-04-02 14:51:48
Déconnexion de l'utilisateur : user1 - 2024-04-02 14:52:41
Login réussi pour l'utilisateur : user1 - 2024-04-02 14:56:29
Déconnexion de l'utilisateur : user1 - 2024-04-02 18:08:24
Tentative de connexion échouée pour l'utilisateur : user1 avec le mot de passe : goigiu - 2024-04-02 18:17:40
Tentative de connexion échouée pour l'utilisateur : kenny avec le mot de passe : petitzizi - 2024-04-02 18:17:51
Login réussi pour l'utilisateur : user1 - 2024-04-02 18:19:09
Déconnexion de l'utilisateur : user1 - 2024-04-03 08:19:29
Login réussi pour l'utilisateur : user2 - 2024-04-03 08:19:36
Déconnexion de l'utilisateur : user2 - 2024-04-03 08:20:08
Tentative de connexion échouée pour l'utilisateur : kenny avec le mot de passe : fd"zefe - 2024-04-03 08:20:15
Login réussi pour l'utilisateur : user1 - 2024-04-04 12:19:49
Déconnexion de l'utilisateur : user1 - 2024-04-06 07:30:07
Login réussi pour l'utilisateur : user1 - 2024-05-02 14:09:24
Déconnexion de l'utilisateur : user1 - 2024-05-02 14:09:28
Login réussi pour l'utilisateur : user1 - 2024-05-02 14:11:08
Déconnexion de l'utilisateur : user1 - 2024-05-02 14:11:25
Tentative de connexion échouée pour l'utilisateur :  avec le mot de passe :  - 2024-05-02 14:11:30
Erreur de connexion pour l'utilisateur :  - SQLSTATE[HY000] [2002] No such file or directory - 2024-05-21 19:27:26
Erreur de connexion pour l'utilisateur :  - SQLSTATE[HY000] [2002] No such file or directory - 2024-05-21 19:27:43
Tentative de connexion échouée pour l'utilisateur :  avec le mot de passe :  - 2024-05-21 19:27:49
Tentative de connexion échouée pour l'utilisateur :  avec le mot de passe :  - 2024-05-21 19:27:55
Tentative de connexion échouée pour l'utilisateur :  avec le mot de passe :  - 2024-05-21 19:28:02
Tentative de connexion échouée pour l'utilisateur :  avec le mot de passe :  - 2024-05-21 19:28:08
Tentative de connexion échouée pour l'utilisateur :  avec le mot de passe :  - 2024-05-21 19:28:19
Tentative de connexion échouée pour l'utilisateur :  avec le mot de passe :  - 2024-05-21 19:28:26
Tentative de connexion échouée pour l'utilisateur :  avec le mot de passe :  - 2024-05-21 19:28:37
Tentative de connexion échouée pour l'utilisateur :  avec le mot de passe :  - 2024-05-21 19:29:21
Tentative de connexion échouée pour l'utilisateur :  avec le mot de passe :  - 2024-05-21 19:29:29
Tentative de connexion échouée pour l'utilisateur :  avec le mot de passe :  - 2024-05-21 19:29:34
Tentative de connexion échouée pour l'utilisateur :  avec le mot de passe :  - 2024-05-21 19:29:50
Tentative de connexion échouée pour l'utilisateur :  avec le mot de passe :  - 2024-05-21 19:30:27
Tentative de connexion échouée pour l'utilisateur :  avec le mot de passe :  - 2024-05-21 19:30:35
Tentative de connexion échouée pour l'utilisateur :  avec le mot de passe :  - 2024-05-21 19:30:42
Tentative de connexion échouée pour l'utilisateur :  avec le mot de passe :  - 2024-05-21 19:31:28
Tentative de connexion échouée pour l'utilisateur :  avec le mot de passe :  - 2024-05-21 19:31:37
Tentative de connexion échouée pour l'utilisateur :  avec le mot de passe :  - 2024-05-21 19:37:13
Tentative de connexion échouée pour l'utilisateur :  avec le mot de passe :  - 2024-05-21 19:38:08
Tentative de connexion échouée pour l'utilisateur :  avec le mot de passe :  - 2024-05-21 19:45:42
Tentative de connexion échouée pour l'utilisateur :  avec le mot de passe :  - 2024-05-21 19:45:48
Tentative de connexion échouée pour l'utilisateur :  avec le mot de passe :  - 2024-05-21 19:47:53
Tentative de connexion échouée pour l'utilisateur :  avec le mot de passe :  - 2024-05-21 19:48:04
Tentative de connexion échouée pour l'utilisateur :  avec le mot de passe :  - 2024-05-21 19:53:00
Tentative de connexion échouée pour l'utilisateur :  avec le mot de passe :  - 2024-05-21 19:53:14
Login réussi pour l'utilisateur : user1 - 2024-05-21 19:55:07
Déconnexion de l'utilisateur : user1 - 2024-05-21 20:24:09
Login réussi pour l'utilisateur : user1 - 2024-05-29 07:08:17
Déconnexion de l'utilisateur : user1 - 2024-05-29 07:12:03
Login réussi pour l'utilisateur : user1 - 2024-05-29 07:36:39
Tentative de connexion échouée pour l'utilisateur :  avec le mot de passe :  - 2024-05-29 08:10:25
Login réussi pour l'utilisateur : user1 - 2024-05-29 08:10:30
Déconnexion de l'utilisateur : user1 - 2024-05-29 08:22:48
Login réussi pour l'utilisateur : user1 - 2024-05-29 08:22:51
Déconnexion de l'utilisateur : user1 - 2024-05-29 08:23:19
Login réussi pour l'utilisateur : user1 - 2024-05-29 08:23:38
Déconnexion de l'utilisateur : user1 - 2024-05-29 09:47:28
Tentative de connexion échouée pour l'utilisateur : user1 avec le mot de passe : pas1 - 2024-05-29 09:47:40
Login réussi pour l'utilisateur : user1 - 2024-05-29 09:47:56
Login réussi pour l'utilisateur : user1 - 2024-06-03 07:55:38
Login réussi pour l'utilisateur : user1 - 2024-06-03 08:03:13
Login réussi pour l'utilisateur : user1 - 2024-06-03 08:44:06
Déconnexion de l'utilisateur : user1 - 2024-06-03 10:58:12
Login réussi pour l'utilisateur : user1 - 2024-06-03 10:58:24
Déconnexion de l'utilisateur : user1 - 2024-06-03 12:10:10
Login réussi pour l'utilisateur : user1 - 2024-06-03 12:13:17
Déconnexion de l'utilisateur : user1 - 2024-06-03 12:16:31
Login réussi pour l'utilisateur : user1 - 2024-06-03 12:16:54
Tentative de connexion échouée pour l'utilisateur : user1 avec le mot de passe : pas - 2024-06-03 12:19:36
Login réussi pour l'utilisateur : user1 - 2024-06-03 12:22:41
Login réussi pour l'utilisateur : user1 - 2024-06-03 12:31:20
Login réussi pour l'utilisateur : user1 - 2024-06-03 12:32:05
Login réussi pour l'utilisateur : user1 - 2024-06-03 12:45:51
Déconnexion de l'utilisateur : user1 - 2024-06-03 12:52:36
Déconnexion de l'utilisateur : user1 - 2024-06-03 12:56:12
Login réussi pour l'utilisateur : user1 - 2024-06-03 12:56:16
Login réussi pour l'utilisateur : user1 - 2024-06-03 12:57:16
Déconnexion de l'utilisateur : user1 - 2024-06-03 12:58:53
Login réussi pour l'utilisateur : user1 - 2024-06-03 12:59:25
Déconnexion de l'utilisateur : user1 - 2024-06-03 13:00:30
Tentative de connexion échouée pour l'utilisateur : user1 avec le mot de passe : pass - 2024-06-03 13:04:12
Login réussi pour l'utilisateur : user1 - 2024-06-03 13:04:21
Déconnexion de l'utilisateur : user1 - 2024-06-03 13:04:23
Déconnexion de l'utilisateur : user1 - 2024-06-03 13:05:00
Login réussi pour l'utilisateur : user1 - 2024-06-03 13:05:15
Login réussi pour l'utilisateur : user1 - 2024-06-03 13:25:08
Déconnexion de l'utilisateur : user1 - 2024-06-03 13:25:14
Déconnexion de l'utilisateur : user1 - 2024-06-03 13:26:46
Login réussi pour l'utilisateur : user1 - 2024-06-03 13:26:58
Login réussi pour l'utilisateur : user1 - 2024-06-03 13:29:01
Déconnexion de l'utilisateur : user1 - 2024-06-03 13:54:07
Login réussi pour l'utilisateur : user1 - 2024-06-03 13:54:11
Déconnexion de l'utilisateur : user1 - 2024-06-03 14:26:57
Login réussi pour l'utilisateur : user1 - 2024-06-03 14:29:33
Déconnexion de l'utilisateur : user1 - 2024-06-03 14:31:25
Tentative de connexion échouée pour l'utilisateur : user1 avec le mot de passe : pass - 2024-06-03 14:31:33
Login réussi pour l'utilisateur : user1 - 2024-06-03 14:32:09
Tentative de connexion échouée pour l'utilisateur : user2 avec le mot de passe : paas2 - 2024-06-03 18:44:39
Tentative de connexion échouée pour l'utilisateur : user1 avec le mot de passe : pass - 2024-06-03 18:44:48
Login réussi pour l'utilisateur : user1 - 2024-06-03 18:44:55
Déconnexion de l'utilisateur : user1 - 2024-06-03 18:51:50
Login réussi pour l'utilisateur : user1 - 2024-06-03 18:52:13
Déconnexion de l'utilisateur : user1 - 2024-06-04 07:06:14
Login réussi pour l'utilisateur : user1 - 2024-06-04 07:06:32
Login réussi pour l'utilisateur : user1 - 2024-06-04 07:33:54
Login réussi pour l'utilisateur : user1 - 2024-06-04 07:34:36
