[06-Jun-2024 12:30:07 UTC] Fetch error when setting heater state to OFF: TypeError: Failed to fetch
[06-Jun-2024 12:30:07 UTC] Fetch error when setting heater state to OFF: TypeError: Failed to fetch
[06-Jun-2024 12:30:08 UTC] Fetch error when setting heater state to OFF: TypeError: Failed to fetch
[06-Jun-2024 12:30:08 UTC] Fetch error when setting heater state to OFF: TypeError: Failed to fetch
[06-Jun-2024 12:30:09 UTC] Fetch error when setting heater state to OFF: TypeError: Failed to fetch
[06-Jun-2024 12:31:00 UTC] Fetch error when setting heater state to ON: TypeError: Failed to fetch
[06-Jun-2024 12:31:01 UTC] Fetch error when setting heater state to OFF: TypeError: Failed to fetch
[06-Jun-2024 12:31:01 UTC] Fetch error when setting heater state to OFF: TypeError: Failed to fetch
[06-Jun-2024 12:31:01 UTC] Fetch error when setting heater state to OFF: TypeError: Failed to fetch
[06-Jun-2024 12:31:01 UTC] Fetch error when setting heater state to OFF: TypeError: Failed to fetch
[06-Jun-2024 12:31:01 UTC] Fetch error when setting heater state to OFF: TypeError: Failed to fetch
[06-Jun-2024 12:31:01 UTC] Fetch error when setting heater state to OFF: TypeError: Failed to fetch
[06-Jun-2024 12:31:01 UTC] Fetch error when setting heater state to OFF: TypeError: Failed to fetch
[06-Jun-2024 12:31:01 UTC] Fetch error when setting heater state to OFF: TypeError: Failed to fetch
[06-Jun-2024 12:31:01 UTC] Fetch error when setting heater state to OFF: TypeError: Failed to fetch
[06-Jun-2024 12:31:01 UTC] Fetch error when setting heater state to OFF: TypeError: Failed to fetch
[06-Jun-2024 12:31:01 UTC] Fetch error when setting heater state to OFF: TypeError: Failed to fetch
[06-Jun-2024 12:31:01 UTC] Fetch error when setting heater state to OFF: TypeError: Failed to fetch
[06-Jun-2024 12:31:01 UTC] Fetch error when setting heater state to OFF: TypeError: Failed to fetch
[06-Jun-2024 12:31:01 UTC] Fetch error when setting heater state to ON: TypeError: Failed to fetch
[06-Jun-2024 12:31:01 UTC] Fetch error when setting heater state to ON: TypeError: Failed to fetch
[06-Jun-2024 12:31:01 UTC] Fetch error when setting heater state to ON: TypeError: Failed to fetch
[06-Jun-2024 12:31:01 UTC] Fetch error when setting heater state to ON: TypeError: Failed to fetch
[06-Jun-2024 12:31:01 UTC] Fetch error when setting heater state to ON: TypeError: Failed to fetch
[06-Jun-2024 12:31:01 UTC] Fetch error when setting heater state to ON: TypeError: Failed to fetch
[06-Jun-2024 12:31:01 UTC] Fetch error when setting heater state to ON: TypeError: Failed to fetch
[06-Jun-2024 12:31:01 UTC] Fetch error when setting heater state to ON: TypeError: Failed to fetch
[06-Jun-2024 12:31:01 UTC] Fetch error when setting heater state to ON: TypeError: Failed to fetch
[06-Jun-2024 12:31:01 UTC] Fetch error when setting heater state to ON: TypeError: Failed to fetch
[06-Jun-2024 12:31:01 UTC] Fetch error when setting heater state to ON: TypeError: Failed to fetch
[06-Jun-2024 12:31:01 UTC] Fetch error when setting heater state to ON: TypeError: Failed to fetch
[06-Jun-2024 12:31:01 UTC] Fetch error when setting heater state to ON: TypeError: Failed to fetch
[06-Jun-2024 12:31:01 UTC] Fetch error when setting heater state to ON: TypeError: Failed to fetch
[06-Jun-2024 12:31:01 UTC] Fetch error when setting heater state to ON: TypeError: Failed to fetch
[06-Jun-2024 12:31:01 UTC] Fetch error when setting heater state to ON: TypeError: Failed to fetch
[06-Jun-2024 12:31:25 UTC] Fetch error when setting heater state to ON: TypeError: Failed to fetch
[06-Jun-2024 12:31:25 UTC] Fetch error when setting heater state to ON: TypeError: Failed to fetch
[06-Jun-2024 12:31:26 UTC] Fetch error when setting heater state to ON: TypeError: Failed to fetch
[06-Jun-2024 12:32:07 UTC] Fetch error when setting heater state to OFF: TypeError: Failed to fetch
[06-Jun-2024 12:33:01 UTC] Fetch error when setting heater state to ON: TypeError: Failed to fetch
[06-Jun-2024 12:33:01 UTC] Fetch error when setting heater state to OFF: TypeError: Failed to fetch
[06-Jun-2024 12:33:02 UTC] Fetch error when setting heater state to ON: TypeError: Failed to fetch
[06-Jun-2024 12:33:03 UTC] Fetch error when setting heater state to OFF: TypeError: Failed to fetch
[06-Jun-2024 12:33:03 UTC] Fetch error when setting heater state to ON: TypeError: Failed to fetch
[06-Jun-2024 12:33:04 UTC] Fetch error when setting heater state to OFF: TypeError: Failed to fetch
[06-Jun-2024 12:34:20 UTC] Fetch error: SyntaxError: Unexpected token '<', "<!DOCTYPE "... is not valid JSON
[06-Jun-2024 12:34:20 UTC] Fetch error when setting heater state to ON: TypeError: Failed to fetch
[06-Jun-2024 12:34:20 UTC] Fetch error: SyntaxError: Unexpected token '<', "<!DOCTYPE "... is not valid JSON
[06-Jun-2024 12:34:20 UTC] Fetch error when setting heater state to OFF: TypeError: Failed to fetch
[06-Jun-2024 12:34:22 UTC] Fetch error: SyntaxError: Unexpected token '<', "<!DOCTYPE "... is not valid JSON
[06-Jun-2024 12:34:22 UTC] Fetch error: SyntaxError: Unexpected token '<', "<!DOCTYPE "... is not valid JSON
[06-Jun-2024 12:34:22 UTC] Fetch error when setting heater state to ON: TypeError: Failed to fetch
[06-Jun-2024 12:34:23 UTC] Fetch error: SyntaxError: Unexpected token '<', "<!DOCTYPE "... is not valid JSON
[06-Jun-2024 12:34:23 UTC] Fetch error: SyntaxError: Unexpected token '<', "<!DOCTYPE "... is not valid JSON
[06-Jun-2024 12:34:23 UTC] Fetch error when setting heater state to ON: TypeError: Failed to fetch
[06-Jun-2024 12:34:24 UTC] Fetch error: SyntaxError: Unexpected token '<', "<!DOCTYPE "... is not valid JSON
[06-Jun-2024 12:34:24 UTC] Fetch error: SyntaxError: Unexpected token '<', "<!DOCTYPE "... is not valid JSON
[06-Jun-2024 12:34:24 UTC] Fetch error when setting heater state to ON: TypeError: Failed to fetch
[06-Jun-2024 12:34:24 UTC] Fetch error: SyntaxError: Unexpected token '<', "<!DOCTYPE "... is not valid JSON
[06-Jun-2024 12:34:24 UTC] Fetch error: SyntaxError: Unexpected token '<', "<!DOCTYPE "... is not valid JSON
[06-Jun-2024 12:34:24 UTC] Fetch error when setting heater state to ON: TypeError: Failed to fetch
[06-Jun-2024 12:34:26 UTC] Fetch error: SyntaxError: Unexpected token '<', "<!DOCTYPE "... is not valid JSON
[06-Jun-2024 12:34:26 UTC] Fetch error: SyntaxError: Unexpected token '<', "<!DOCTYPE "... is not valid JSON
[06-Jun-2024 12:34:26 UTC] Fetch error when setting heater state to ON: TypeError: Failed to fetch
[06-Jun-2024 12:34:26 UTC] Fetch error: SyntaxError: Unexpected token '<', "<!DOCTYPE "... is not valid JSON
[06-Jun-2024 12:34:26 UTC] Fetch error: SyntaxError: Unexpected token '<', "<!DOCTYPE "... is not valid JSON
[06-Jun-2024 12:34:26 UTC] Fetch error when setting heater state to ON: TypeError: Failed to fetch
[06-Jun-2024 12:34:26 UTC] Fetch error: SyntaxError: Unexpected token '<', "<!DOCTYPE "... is not valid JSON
[06-Jun-2024 12:34:26 UTC] Fetch error: SyntaxError: Unexpected token '<', "<!DOCTYPE "... is not valid JSON
[06-Jun-2024 12:34:26 UTC] Fetch error when setting heater state to ON: TypeError: Failed to fetch
[06-Jun-2024 12:34:26 UTC] Fetch error: SyntaxError: Unexpected token '<', "<!DOCTYPE "... is not valid JSON
[06-Jun-2024 12:34:26 UTC] Fetch error: SyntaxError: Unexpected token '<', "<!DOCTYPE "... is not valid JSON
[06-Jun-2024 12:34:27 UTC] Fetch error when setting heater state to ON: TypeError: Failed to fetch
[06-Jun-2024 12:34:27 UTC] Fetch error: SyntaxError: Unexpected token '<', "<!DOCTYPE "... is not valid JSON
[06-Jun-2024 12:34:27 UTC] Fetch error: SyntaxError: Unexpected token '<', "<!DOCTYPE "... is not valid JSON
[06-Jun-2024 12:34:27 UTC] Fetch error when setting heater state to ON: TypeError: Failed to fetch
[06-Jun-2024 12:34:27 UTC] Fetch error: SyntaxError: Unexpected token '<', "<!DOCTYPE "... is not valid JSON
[06-Jun-2024 12:34:27 UTC] Fetch error: SyntaxError: Unexpected token '<', "<!DOCTYPE "... is not valid JSON
[06-Jun-2024 12:34:27 UTC] Fetch error when setting heater state to ON: TypeError: Failed to fetch
[06-Jun-2024 12:34:27 UTC] Fetch error: SyntaxError: Unexpected token '<', "<!DOCTYPE "... is not valid JSON
[06-Jun-2024 12:34:27 UTC] Fetch error: SyntaxError: Unexpected token '<', "<!DOCTYPE "... is not valid JSON
[06-Jun-2024 12:34:27 UTC] Fetch error when setting heater state to ON: TypeError: Failed to fetch
[06-Jun-2024 12:34:28 UTC] Fetch error: SyntaxError: Unexpected token '<', "<!DOCTYPE "... is not valid JSON
[06-Jun-2024 12:34:28 UTC] Fetch error: SyntaxError: Unexpected token '<', "<!DOCTYPE "... is not valid JSON
[06-Jun-2024 12:34:28 UTC] Fetch error when setting heater state to ON: TypeError: Failed to fetch
[06-Jun-2024 12:34:28 UTC] Fetch error: SyntaxError: Unexpected token '<', "<!DOCTYPE "... is not valid JSON
[06-Jun-2024 12:34:28 UTC] Fetch error: SyntaxError: Unexpected token '<', "<!DOCTYPE "... is not valid JSON
[06-Jun-2024 12:34:28 UTC] Fetch error when setting heater state to ON: TypeError: Failed to fetch
[06-Jun-2024 12:34:28 UTC] Fetch error: SyntaxError: Unexpected token '<', "<!DOCTYPE "... is not valid JSON
[06-Jun-2024 12:34:28 UTC] Fetch error: SyntaxError: Unexpected token '<', "<!DOCTYPE "... is not valid JSON
[06-Jun-2024 12:34:29 UTC] Fetch error when setting heater state to ON: TypeError: Failed to fetch
[06-Jun-2024 12:34:29 UTC] Fetch error: SyntaxError: Unexpected token '<', "<!DOCTYPE "... is not valid JSON
[06-Jun-2024 12:34:29 UTC] Fetch error: SyntaxError: Unexpected token '<', "<!DOCTYPE "... is not valid JSON
[06-Jun-2024 12:34:29 UTC] Fetch error when setting heater state to ON: TypeError: Failed to fetch
[06-Jun-2024 12:34:29 UTC] Fetch error: SyntaxError: Unexpected token '<', "<!DOCTYPE "... is not valid JSON
[06-Jun-2024 12:34:29 UTC] Fetch error: SyntaxError: Unexpected token '<', "<!DOCTYPE "... is not valid JSON
[06-Jun-2024 12:34:29 UTC] Fetch error when setting heater state to ON: TypeError: Failed to fetch
[06-Jun-2024 12:34:29 UTC] Fetch error: SyntaxError: Unexpected token '<', "<!DOCTYPE "... is not valid JSON
[06-Jun-2024 12:34:29 UTC] Fetch error: SyntaxError: Unexpected token '<', "<!DOCTYPE "... is not valid JSON
[06-Jun-2024 12:34:29 UTC] Fetch error when setting heater state to ON: TypeError: Failed to fetch
[06-Jun-2024 12:34:29 UTC] Fetch error: SyntaxError: Unexpected token '<', "<!DOCTYPE "... is not valid JSON
[06-Jun-2024 12:34:29 UTC] Fetch error: SyntaxError: Unexpected token '<', "<!DOCTYPE "... is not valid JSON
[06-Jun-2024 12:34:29 UTC] Fetch error when setting heater state to ON: TypeError: Failed to fetch
[06-Jun-2024 12:34:30 UTC] Fetch error: SyntaxError: Unexpected token '<', "<!DOCTYPE "... is not valid JSON
[06-Jun-2024 12:34:30 UTC] Fetch error: SyntaxError: Unexpected token '<', "<!DOCTYPE "... is not valid JSON
[06-Jun-2024 12:34:30 UTC] Fetch error when setting heater state to ON: TypeError: Failed to fetch
[06-Jun-2024 12:34:30 UTC] Fetch error: SyntaxError: Unexpected token '<', "<!DOCTYPE "... is not valid JSON
[06-Jun-2024 12:34:30 UTC] Fetch error: SyntaxError: Unexpected token '<', "<!DOCTYPE "... is not valid JSON
[06-Jun-2024 12:34:30 UTC] Fetch error when setting heater state to ON: TypeError: Failed to fetch
[06-Jun-2024 12:34:30 UTC] Fetch error: SyntaxError: Unexpected token '<', "<!DOCTYPE "... is not valid JSON
[06-Jun-2024 12:34:30 UTC] Fetch error: SyntaxError: Unexpected token '<', "<!DOCTYPE "... is not valid JSON
[06-Jun-2024 12:34:30 UTC] Fetch error when setting heater state to ON: TypeError: Failed to fetch
[06-Jun-2024 12:34:30 UTC] Fetch error: SyntaxError: Unexpected token '<', "<!DOCTYPE "... is not valid JSON
[06-Jun-2024 12:34:30 UTC] Fetch error: SyntaxError: Unexpected token '<', "<!DOCTYPE "... is not valid JSON
[06-Jun-2024 12:34:30 UTC] Fetch error when setting heater state to ON: TypeError: Failed to fetch
[06-Jun-2024 12:34:30 UTC] Fetch error: SyntaxError: Unexpected token '<', "<!DOCTYPE "... is not valid JSON
[06-Jun-2024 12:34:30 UTC] Fetch error: SyntaxError: Unexpected token '<', "<!DOCTYPE "... is not valid JSON
[06-Jun-2024 12:34:30 UTC] Fetch error when setting heater state to ON: TypeError: Failed to fetch
[06-Jun-2024 12:34:30 UTC] Fetch error: SyntaxError: Unexpected token '<', "<!DOCTYPE "... is not valid JSON
[06-Jun-2024 12:34:30 UTC] Fetch error: SyntaxError: Unexpected token '<', "<!DOCTYPE "... is not valid JSON
[06-Jun-2024 12:34:30 UTC] Fetch error when setting heater state to ON: TypeError: Failed to fetch
[06-Jun-2024 12:34:30 UTC] Fetch error: SyntaxError: Unexpected token '<', "<!DOCTYPE "... is not valid JSON
[06-Jun-2024 12:34:30 UTC] Fetch error: SyntaxError: Unexpected token '<', "<!DOCTYPE "... is not valid JSON
[06-Jun-2024 12:34:31 UTC] Fetch error when setting heater state to ON: TypeError: Failed to fetch
[06-Jun-2024 12:34:31 UTC] Fetch error: SyntaxError: Unexpected token '<', "<!DOCTYPE "... is not valid JSON
[06-Jun-2024 12:34:31 UTC] Fetch error: SyntaxError: Unexpected token '<', "<!DOCTYPE "... is not valid JSON
[06-Jun-2024 12:34:31 UTC] Fetch error when setting heater state to ON: TypeError: Failed to fetch
[06-Jun-2024 12:34:31 UTC] Fetch error: SyntaxError: Unexpected token '<', "<!DOCTYPE "... is not valid JSON
[06-Jun-2024 12:34:31 UTC] Fetch error: SyntaxError: Unexpected token '<', "<!DOCTYPE "... is not valid JSON
[06-Jun-2024 12:34:31 UTC] Fetch error when setting heater state to ON: TypeError: Failed to fetch
[06-Jun-2024 12:34:31 UTC] Fetch error: SyntaxError: Unexpected token '<', "<!DOCTYPE "... is not valid JSON
[06-Jun-2024 12:34:31 UTC] Fetch error: SyntaxError: Unexpected token '<', "<!DOCTYPE "... is not valid JSON
[06-Jun-2024 12:34:31 UTC] Fetch error when setting heater state to ON: TypeError: Failed to fetch
[06-Jun-2024 12:34:31 UTC] Fetch error: SyntaxError: Unexpected token '<', "<!DOCTYPE "... is not valid JSON
[06-Jun-2024 12:34:31 UTC] Fetch error: SyntaxError: Unexpected token '<', "<!DOCTYPE "... is not valid JSON
[06-Jun-2024 12:34:31 UTC] Fetch error when setting heater state to ON: TypeError: Failed to fetch
[06-Jun-2024 12:34:31 UTC] Fetch error: SyntaxError: Unexpected token '<', "<!DOCTYPE "... is not valid JSON
[06-Jun-2024 12:34:31 UTC] Fetch error: SyntaxError: Unexpected token '<', "<!DOCTYPE "... is not valid JSON
[06-Jun-2024 12:34:31 UTC] Fetch error when setting heater state to ON: TypeError: Failed to fetch
[06-Jun-2024 12:34:31 UTC] Fetch error: SyntaxError: Unexpected token '<', "<!DOCTYPE "... is not valid JSON
[06-Jun-2024 12:34:31 UTC] Fetch error: SyntaxError: Unexpected token '<', "<!DOCTYPE "... is not valid JSON
[06-Jun-2024 12:34:31 UTC] Fetch error when setting heater state to ON: TypeError: Failed to fetch
[06-Jun-2024 12:34:32 UTC] Fetch error: SyntaxError: Unexpected token '<', "<!DOCTYPE "... is not valid JSON
[06-Jun-2024 12:34:32 UTC] Fetch error: SyntaxError: Unexpected token '<', "<!DOCTYPE "... is not valid JSON
[06-Jun-2024 12:34:32 UTC] Fetch error when setting heater state to ON: TypeError: Failed to fetch
[06-Jun-2024 12:34:32 UTC] Fetch error: SyntaxError: Unexpected token '<', "<!DOCTYPE "... is not valid JSON
[06-Jun-2024 12:34:32 UTC] Fetch error: SyntaxError: Unexpected token '<', "<!DOCTYPE "... is not valid JSON
[06-Jun-2024 12:34:32 UTC] Fetch error when setting heater state to ON: TypeError: Failed to fetch
[06-Jun-2024 12:34:32 UTC] Fetch error: SyntaxError: Unexpected token '<', "<!DOCTYPE "... is not valid JSON
[06-Jun-2024 12:34:32 UTC] Fetch error: SyntaxError: Unexpected token '<', "<!DOCTYPE "... is not valid JSON
[06-Jun-2024 12:34:32 UTC] Fetch error when setting heater state to ON: TypeError: Failed to fetch
[06-Jun-2024 12:34:32 UTC] Fetch error: SyntaxError: Unexpected token '<', "<!DOCTYPE "... is not valid JSON
[06-Jun-2024 12:34:32 UTC] Fetch error: SyntaxError: Unexpected token '<', "<!DOCTYPE "... is not valid JSON
[06-Jun-2024 12:34:32 UTC] Fetch error when setting heater state to ON: TypeError: Failed to fetch
[06-Jun-2024 12:34:32 UTC] Fetch error: SyntaxError: Unexpected token '<', "<!DOCTYPE "... is not valid JSON
[06-Jun-2024 12:34:32 UTC] Fetch error: SyntaxError: Unexpected token '<', "<!DOCTYPE "... is not valid JSON
[06-Jun-2024 12:34:32 UTC] Fetch error when setting heater state to ON: TypeError: Failed to fetch
[06-Jun-2024 12:34:33 UTC] Fetch error: SyntaxError: Unexpected token '<', "<!DOCTYPE "... is not valid JSON
[06-Jun-2024 12:34:33 UTC] Fetch error: SyntaxError: Unexpected token '<', "<!DOCTYPE "... is not valid JSON
[06-Jun-2024 12:34:33 UTC] Fetch error when setting heater state to ON: TypeError: Failed to fetch
[06-Jun-2024 12:34:33 UTC] Fetch error: SyntaxError: Unexpected token '<', "<!DOCTYPE "... is not valid JSON
[06-Jun-2024 12:34:33 UTC] Fetch error: SyntaxError: Unexpected token '<', "<!DOCTYPE "... is not valid JSON
[06-Jun-2024 12:34:33 UTC] Fetch error: SyntaxError: Unexpected token '<', "<!DOCTYPE "... is not valid JSON
[06-Jun-2024 12:34:33 UTC] Fetch error: SyntaxError: Unexpected token '<', "<!DOCTYPE "... is not valid JSON
[06-Jun-2024 12:34:33 UTC] Fetch error when setting heater state to ON: TypeError: Failed to fetch
[06-Jun-2024 12:34:33 UTC] Fetch error when setting heater state to ON: TypeError: Failed to fetch
[06-Jun-2024 12:34:34 UTC] Fetch error: SyntaxError: Unexpected token '<', "<!DOCTYPE "... is not valid JSON
[06-Jun-2024 12:34:34 UTC] Fetch error: SyntaxError: Unexpected token '<', "<!DOCTYPE "... is not valid JSON
[06-Jun-2024 12:34:34 UTC] Fetch error when setting heater state to ON: TypeError: Failed to fetch
[06-Jun-2024 12:34:34 UTC] Fetch error: SyntaxError: Unexpected token '<', "<!DOCTYPE "... is not valid JSON
[06-Jun-2024 12:34:34 UTC] Fetch error: SyntaxError: Unexpected token '<', "<!DOCTYPE "... is not valid JSON
[06-Jun-2024 12:34:34 UTC] Fetch error when setting heater state to ON: TypeError: Failed to fetch
[06-Jun-2024 12:34:34 UTC] Fetch error: SyntaxError: Unexpected token '<', "<!DOCTYPE "... is not valid JSON
[06-Jun-2024 12:34:34 UTC] Fetch error: SyntaxError: Unexpected token '<', "<!DOCTYPE "... is not valid JSON
[06-Jun-2024 12:34:34 UTC] Fetch error when setting heater state to ON: TypeError: Failed to fetch
[06-Jun-2024 12:34:35 UTC] Fetch error: SyntaxError: Unexpected token '<', "<!DOCTYPE "... is not valid JSON
[06-Jun-2024 12:34:35 UTC] Fetch error: SyntaxError: Unexpected token '<', "<!DOCTYPE "... is not valid JSON
[06-Jun-2024 12:34:35 UTC] Fetch error when setting heater state to ON: TypeError: Failed to fetch
[06-Jun-2024 12:34:35 UTC] Fetch error: SyntaxError: Unexpected token '<', "<!DOCTYPE "... is not valid JSON
[06-Jun-2024 12:34:35 UTC] Fetch error: SyntaxError: Unexpected token '<', "<!DOCTYPE "... is not valid JSON
[06-Jun-2024 12:34:35 UTC] Fetch error when setting heater state to ON: TypeError: Failed to fetch
[06-Jun-2024 12:34:35 UTC] Fetch error: SyntaxError: Unexpected token '<', "<!DOCTYPE "... is not valid JSON
[06-Jun-2024 12:34:35 UTC] Fetch error: SyntaxError: Unexpected token '<', "<!DOCTYPE "... is not valid JSON
[06-Jun-2024 12:34:35 UTC] Fetch error when setting heater state to OFF: TypeError: Failed to fetch
[06-Jun-2024 12:40:14 UTC] Start Recording Error: TypeError: Failed to fetch
[06-Jun-2024 12:40:21 UTC] Stop Recording Error: TypeError: Failed to fetch
[06-Jun-2024 12:42:01 UTC] Fetch error: SyntaxError: Unexpected token '<', "<!DOCTYPE "... is not valid JSON
[06-Jun-2024 12:42:01 UTC] Fetch error when setting heater state to ON: TypeError: Failed to fetch
[06-Jun-2024 12:42:02 UTC] Fetch error: SyntaxError: Unexpected token '<', "<!DOCTYPE "... is not valid JSON
[06-Jun-2024 12:42:02 UTC] Fetch error when setting heater state to OFF: TypeError: Failed to fetch
[06-Jun-2024 12:42:03 UTC] Fetch error: SyntaxError: Unexpected token '<', "<!DOCTYPE "... is not valid JSON
[06-Jun-2024 12:42:03 UTC] Fetch error when setting heater state to ON: TypeError: Failed to fetch
[06-Jun-2024 12:42:03 UTC] Fetch error: SyntaxError: Unexpected token '<', "<!DOCTYPE "... is not valid JSON
[06-Jun-2024 12:42:04 UTC] Fetch error when setting heater state to OFF: TypeError: Failed to fetch
[06-Jun-2024 12:42:04 UTC] Fetch error: SyntaxError: Unexpected token '<', "<!DOCTYPE "... is not valid JSON
[06-Jun-2024 12:42:04 UTC] Fetch error when setting heater state to ON: TypeError: Failed to fetch
[06-Jun-2024 12:42:05 UTC] Fetch error: SyntaxError: Unexpected token '<', "<!DOCTYPE "... is not valid JSON
[06-Jun-2024 12:42:05 UTC] Fetch error when setting heater state to OFF: TypeError: Failed to fetch
[06-Jun-2024 12:42:09 UTC] Fetch error: SyntaxError: Unexpected token '<', "<!DOCTYPE "... is not valid JSON
[06-Jun-2024 12:42:09 UTC] Fetch error: SyntaxError: Unexpected token '<', "<!DOCTYPE "... is not valid JSON
[06-Jun-2024 12:42:09 UTC] Fetch error when setting heater state to ON: TypeError: Failed to fetch
[06-Jun-2024 12:42:10 UTC] Fetch error: SyntaxError: Unexpected token '<', "<!DOCTYPE "... is not valid JSON
[06-Jun-2024 12:42:10 UTC] Fetch error: SyntaxError: Unexpected token '<', "<!DOCTYPE "... is not valid JSON
[06-Jun-2024 12:42:10 UTC] Fetch error when setting heater state to OFF: TypeError: Failed to fetch
[06-Jun-2024 13:09:24 UTC] Start Recording Error: TypeError: Failed to fetch
[06-Jun-2024 13:09:41 UTC] Stop Recording Error: TypeError: Failed to fetch
[06-Jun-2024 13:09:42 UTC] Stop Recording Error: TypeError: Failed to fetch
[06-Jun-2024 13:11:56 UTC] Fetch error when setting heater state to ON: TypeError: Failed to fetch
[06-Jun-2024 13:11:56 UTC] Fetch error: SyntaxError: Unexpected token '<', "<!DOCTYPE "... is not valid JSON
[06-Jun-2024 13:11:57 UTC] Fetch error: SyntaxError: Unexpected token '<', "<!DOCTYPE "... is not valid JSON
[06-Jun-2024 13:11:57 UTC] Fetch error when setting heater state to OFF: TypeError: Failed to fetch
[06-Jun-2024 13:11:58 UTC] Fetch error: SyntaxError: Unexpected token '<', "<!DOCTYPE "... is not valid JSON
[06-Jun-2024 13:11:58 UTC] Fetch error when setting heater state to ON: TypeError: Failed to fetch
[06-Jun-2024 13:11:58 UTC] Fetch error when setting heater state to OFF: TypeError: Failed to fetch
[06-Jun-2024 13:11:58 UTC] Fetch error: SyntaxError: Unexpected token '<', "<!DOCTYPE "... is not valid JSON
[06-Jun-2024 13:11:59 UTC] Fetch error: SyntaxError: Unexpected token '<', "<!DOCTYPE "... is not valid JSON
[06-Jun-2024 13:11:59 UTC] Fetch error when setting heater state to ON: TypeError: Failed to fetch
[06-Jun-2024 13:11:59 UTC] Fetch error when setting heater state to OFF: TypeError: Failed to fetch
[06-Jun-2024 13:12:00 UTC] Fetch error: SyntaxError: Unexpected token '<', "<!DOCTYPE "... is not valid JSON
[06-Jun-2024 13:12:00 UTC] Fetch error: SyntaxError: Unexpected token '<', "<!DOCTYPE "... is not valid JSON
[06-Jun-2024 13:12:00 UTC] Fetch error when setting heater state to ON: TypeError: Failed to fetch
[06-Jun-2024 13:12:01 UTC] Fetch error: SyntaxError: Unexpected token '<', "<!DOCTYPE "... is not valid JSON
[06-Jun-2024 13:12:01 UTC] Fetch error when setting heater state to ON: TypeError: Failed to fetch
[06-Jun-2024 13:12:02 UTC] Fetch error when setting heater state to OFF: TypeError: Failed to fetch
[06-Jun-2024 13:12:02 UTC] Fetch error: SyntaxError: Unexpected token '<', "<!DOCTYPE "... is not valid JSON
[06-Jun-2024 13:12:02 UTC] Fetch error when setting heater state to ON: TypeError: Failed to fetch
[06-Jun-2024 13:12:02 UTC] Fetch error: SyntaxError: Unexpected token '<', "<!DOCTYPE "... is not valid JSON
[06-Jun-2024 13:12:03 UTC] Fetch error: SyntaxError: Unexpected token '<', "<!DOCTYPE "... is not valid JSON
[06-Jun-2024 13:12:03 UTC] Fetch error when setting heater state to OFF: TypeError: Failed to fetch
[06-Jun-2024 13:12:04 UTC] Fetch error: SyntaxError: Unexpected token '<', "<!DOCTYPE "... is not valid JSON
[06-Jun-2024 13:12:04 UTC] Fetch error when setting heater state to ON: TypeError: Failed to fetch
[06-Jun-2024 13:12:05 UTC] Fetch error: SyntaxError: Unexpected token '<', "<!DOCTYPE "... is not valid JSON
[06-Jun-2024 13:12:05 UTC] Fetch error when setting heater state to OFF: TypeError: Failed to fetch
[06-Jun-2024 13:12:06 UTC] Fetch error: SyntaxError: Unexpected token '<', "<!DOCTYPE "... is not valid JSON
[06-Jun-2024 13:12:06 UTC] Fetch error when setting heater state to ON: TypeError: Failed to fetch
[06-Jun-2024 13:12:11 UTC] Fetch error when setting heater state to OFF: TypeError: Failed to fetch
[06-Jun-2024 13:12:11 UTC] Fetch error: SyntaxError: Unexpected token '<', "<!DOCTYPE "... is not valid JSON
[06-Jun-2024 13:12:12 UTC] Fetch error: SyntaxError: Unexpected token '<', "<!DOCTYPE "... is not valid JSON
[06-Jun-2024 13:12:12 UTC] Fetch error: SyntaxError: Unexpected token '<', "<!DOCTYPE "... is not valid JSON
[06-Jun-2024 13:12:12 UTC] Fetch error when setting heater state to ON: TypeError: Failed to fetch
[06-Jun-2024 13:12:13 UTC] Fetch error when setting heater state to OFF: TypeError: Failed to fetch
[06-Jun-2024 13:12:14 UTC] Fetch error: SyntaxError: Unexpected token '<', "<!DOCTYPE "... is not valid JSON
[06-Jun-2024 13:12:14 UTC] Fetch error: SyntaxError: Unexpected token '<', "<!DOCTYPE "... is not valid JSON
[06-Jun-2024 13:12:14 UTC] Fetch error when setting heater state to ON: TypeError: Failed to fetch
[06-Jun-2024 13:12:14 UTC] Fetch error: SyntaxError: Unexpected token '<', "<!DOCTYPE "... is not valid JSON
[06-Jun-2024 13:12:14 UTC] Fetch error: SyntaxError: Unexpected token '<', "<!DOCTYPE "... is not valid JSON
